  fxc compile for release: C:\Users\n\Desktop\RastertekAlt_FrankLuna\d3d11CodeSet1\Chapter 10 Stenciling\Mirror\FX\Basic.fx
  Microsoft (R) Direct3D Shader Compiler 10.1
  Copyright (C) 2013 Microsoft. All rights reserved.
  
CUSTOMBUILD : warning X4717: Effects deprecated for D3DCompiler_47
  
  compilation object save succeeded; see C:\Users\n\Desktop\RastertekAlt_FrankLuna\d3d11CodeSet1\Chapter 10 Stenciling\Mirror\FX\Basic.fxo
  d3dApp.cpp
c:\users\n\desktop\rastertekalt_frankluna\d3d11codeset1\common\d3dUtil.h(13): fatal error C1083: Cannot open include file: 'd3dx11.h': No such file or directory
  d3dUtil.cpp
c:\users\n\desktop\rastertekalt_frankluna\d3d11codeset1\common\d3dUtil.h(13): fatal error C1083: Cannot open include file: 'd3dx11.h': No such file or directory
  GameTimer.cpp
  GeometryGenerator.cpp
c:\users\n\desktop\rastertekalt_frankluna\d3d11codeset1\common\d3dUtil.h(13): fatal error C1083: Cannot open include file: 'd3dx11.h': No such file or directory
  LightHelper.cpp
c:\users\n\desktop\rastertekalt_frankluna\d3d11codeset1\common\LightHelper.h(11): fatal error C1083: Cannot open include file: 'xnamath.h': No such file or directory
  MathHelper.cpp
c:\users\n\desktop\rastertekalt_frankluna\d3d11codeset1\common\MathHelper.h(11): fatal error C1083: Cannot open include file: 'xnamath.h': No such file or directory
  Waves.cpp
c:\users\n\desktop\rastertekalt_frankluna\d3d11codeset1\common\Waves.h(13): fatal error C1083: Cannot open include file: 'xnamath.h': No such file or directory
  Effects.cpp
C:\Users\n\Desktop\RastertekAlt_FrankLuna\d3d11CodeSet1\Common\d3dUtil.h(13): fatal error C1083: Cannot open include file: 'd3dx11.h': No such file or directory
  MirrorDemo.cpp
c:\users\n\desktop\rastertekalt_frankluna\d3d11codeset1\common\d3dUtil.h(13): fatal error C1083: Cannot open include file: 'd3dx11.h': No such file or directory
  RenderStates.cpp
C:\Users\n\Desktop\RastertekAlt_FrankLuna\d3d11CodeSet1\Common\d3dUtil.h(13): fatal error C1083: Cannot open include file: 'd3dx11.h': No such file or directory
  Vertex.cpp
C:\Users\n\Desktop\RastertekAlt_FrankLuna\d3d11CodeSet1\Common\d3dUtil.h(13): fatal error C1083: Cannot open include file: 'd3dx11.h': No such file or directory
